janv. 30, 2024 10:39:10 PM etu.imt.cardgame.DeroulementDeJeu.PlateauDeJeu debuterPartie
INFOS: La partie débute avec les joueurs: Champion{id=1, name='Atlas Borne', health=60, ability=Attaque} contre Champion{id=2, name='Glemma Rouss', health=50, ability=Soin}
janv. 30, 2024 10:39:10 PM etu.imt.cardgame.DeroulementDeJeu.PlateauDeJeu debuterPartie
INFOS: Atlas Borne à tiré la carte: Mascotte_1
janv. 30, 2024 10:39:10 PM etu.imt.cardgame.DeroulementDeJeu.PlateauDeJeu debuterPartie
INFOS: Atlas Borne à tiré la carte: Soigneur_2
janv. 30, 2024 10:39:10 PM etu.imt.cardgame.DeroulementDeJeu.PlateauDeJeu debuterPartie
INFOS: Atlas Borne à tiré la carte: Simplet_3
janv. 30, 2024 10:39:10 PM etu.imt.cardgame.DeroulementDeJeu.PlateauDeJeu debuterPartie
INFOS: Atlas Borne à tiré la carte: Protecteur_4
janv. 30, 2024 10:39:10 PM etu.imt.cardgame.DeroulementDeJeu.PlateauDeJeu debuterPartie
INFOS: Atlas Borne à tiré la carte: Kamikaz_5
janv. 30, 2024 10:39:10 PM etu.imt.cardgame.DeroulementDeJeu.PlateauDeJeu debuterPartie
INFOS: Atlas Borne à tiré la carte: Mascotte_6
janv. 30, 2024 10:39:10 PM etu.imt.cardgame.DeroulementDeJeu.PlateauDeJeu debuterPartie
INFOS: Glemma Rouss à tiré la carte: Kamikaz_7
janv. 30, 2024 10:39:10 PM etu.imt.cardgame.DeroulementDeJeu.PlateauDeJeu debuterPartie
INFOS: Glemma Rouss à tiré la carte: Soigneur_8
janv. 30, 2024 10:39:10 PM etu.imt.cardgame.DeroulementDeJeu.PlateauDeJeu debuterPartie
INFOS: Glemma Rouss à tiré la carte: Mascotte_9
janv. 30, 2024 10:39:10 PM etu.imt.cardgame.DeroulementDeJeu.PlateauDeJeu debuterPartie
INFOS: Glemma Rouss à tiré la carte: Protecteur_10
janv. 30, 2024 10:39:10 PM etu.imt.cardgame.DeroulementDeJeu.PlateauDeJeu debuterPartie
INFOS: Glemma Rouss à tiré la carte: Soigneur_11
janv. 30, 2024 10:39:10 PM etu.imt.cardgame.DeroulementDeJeu.PlateauDeJeu debuterPartie
INFOS: Glemma Rouss à tiré la carte: Simplet_12
janv. 30, 2024 10:39:10 PM etu.imt.cardgame.DeroulementDeJeu.PlateauDeJeu logConsoleAndFile
INFOS: Atlas Borne commence son tour et pioche: Simplet_13
janv. 30, 2024 10:39:26 PM etu.imt.cardgame.DeroulementDeJeu.PlateauDeJeu logConsoleAndFile
INFOS: La carte Protecteur_4 a été posée

